<?xml version="1.0" encoding="UTF-8"?>
<!-- Generated by org.testng.reporters.JUnitReportReporter -->
<testsuite hostname="SPICITY10" name="tests.TestGPCPeopleSoft" tests="12" failures="0" timestamp="25 May 2017 05:41:22 GMT" time="771.299" errors="0">
  <testcase name="TC_POC_002" time="66.564" classname="tests.TestGPCPeopleSoft"/>
  <testcase name="TC_POC_002" time="78.070" classname="tests.TestGPCPeopleSoft"/>
  <testcase name="TC_POC_002" time="65.895" classname="tests.TestGPCPeopleSoft"/>
  <testcase name="TC_POC_002" time="66.245" classname="tests.TestGPCPeopleSoft"/>
  <testcase name="TC_POC_002" time="65.110" classname="tests.TestGPCPeopleSoft"/>
  <testcase name="TC_POC_002" time="68.703" classname="tests.TestGPCPeopleSoft"/>
  <testcase name="TC_POC_002" time="66.377" classname="tests.TestGPCPeopleSoft"/>
  <testcase name="TC_POC_002" time="66.597" classname="tests.TestGPCPeopleSoft"/>
  <testcase name="TC_POC_002" time="67.516" classname="tests.TestGPCPeopleSoft"/>
  <testcase name="TC_POC_002" time="66.551" classname="tests.TestGPCPeopleSoft"/>
  <testcase name="TC_POC_002" time="80.994" classname="tests.TestGPCPeopleSoft"/>
  <testcase name="TC_POC_001" time="12.677" classname="tests.TestGPCPeopleSoft"/>
</testsuite> <!-- tests.TestGPCPeopleSoft -->
